<?xml version="1.0" encoding="UTF-8"?>
<testsuite xmlns:xsi="http://www.w3.org/2001/XMLSchema-instance" xsi:noNamespaceSchemaLocation="https://maven.apache.org/surefire/maven-surefire-plugin/xsd/surefire-test-report.xsd" name="TestSuite" time="3.882" tests="17" errors="0" skipped="0" failures="0">
  <properties>
    <property name="java.specification.version" value="18"/>
    <property name="sun.cpu.isalist" value="amd64"/>
    <property name="sun.jnu.encoding" value="Cp1252"/>
    <property name="java.class.path" value="C:\Users\mauri\source\repos\lab-03-a-Mauricio-Bernuy\target\test-classes;C:\Users\mauri\source\repos\lab-03-a-Mauricio-Bernuy\target\classes;C:\Users\mauri\.m2\repository\org\testng\testng\7.5\testng-7.5.jar;C:\Users\mauri\.m2\repository\com\google\code\findbugs\jsr305\3.0.1\jsr305-3.0.1.jar;C:\Users\mauri\.m2\repository\org\slf4j\slf4j-api\1.7.32\slf4j-api-1.7.32.jar;C:\Users\mauri\.m2\repository\com\beust\jcommander\1.78\jcommander-1.78.jar;C:\Users\mauri\.m2\repository\org\webjars\jquery\3.5.1\jquery-3.5.1.jar;C:\Users\mauri\.m2\repository\org\apache\logging\log4j\log4j-api\2.17.1\log4j-api-2.17.1.jar;C:\Users\mauri\.m2\repository\org\apache\logging\log4j\log4j-core\2.17.1\log4j-core-2.17.1.jar;C:\Users\mauri\.m2\repository\junit\junit\4.13.2\junit-4.13.2.jar;C:\Users\mauri\.m2\repository\org\hamcrest\hamcrest-core\1.3\hamcrest-core-1.3.jar;"/>
    <property name="java.vm.vendor" value="Oracle Corporation"/>
    <property name="sun.arch.data.model" value="64"/>
    <property name="user.variant" value=""/>
    <property name="java.vendor.url" value="https://java.oracle.com/"/>
    <property name="user.timezone" value="America/Lima"/>
    <property name="os.name" value="Windows 10"/>
    <property name="java.vm.specification.version" value="18"/>
    <property name="sun.java.launcher" value="SUN_STANDARD"/>
    <property name="user.country" value="US"/>
    <property name="sun.boot.library.path" value="C:\Users\mauri\.jdks\openjdk-18\bin"/>
    <property name="sun.java.command" value="C:\Users\mauri\AppData\Local\Temp\surefire948993711608948797\surefirebooter6371787157257990529.jar C:\Users\mauri\AppData\Local\Temp\surefire948993711608948797 2022-04-01T21-54-08_452-jvmRun1 surefire11000016641294694732tmp surefire_018041669668700411514tmp"/>
    <property name="jdk.debug" value="release"/>
    <property name="surefire.test.class.path" value="C:\Users\mauri\source\repos\lab-03-a-Mauricio-Bernuy\target\test-classes;C:\Users\mauri\source\repos\lab-03-a-Mauricio-Bernuy\target\classes;C:\Users\mauri\.m2\repository\org\testng\testng\7.5\testng-7.5.jar;C:\Users\mauri\.m2\repository\com\google\code\findbugs\jsr305\3.0.1\jsr305-3.0.1.jar;C:\Users\mauri\.m2\repository\org\slf4j\slf4j-api\1.7.32\slf4j-api-1.7.32.jar;C:\Users\mauri\.m2\repository\com\beust\jcommander\1.78\jcommander-1.78.jar;C:\Users\mauri\.m2\repository\org\webjars\jquery\3.5.1\jquery-3.5.1.jar;C:\Users\mauri\.m2\repository\org\apache\logging\log4j\log4j-api\2.17.1\log4j-api-2.17.1.jar;C:\Users\mauri\.m2\repository\org\apache\logging\log4j\log4j-core\2.17.1\log4j-core-2.17.1.jar;C:\Users\mauri\.m2\repository\junit\junit\4.13.2\junit-4.13.2.jar;C:\Users\mauri\.m2\repository\org\hamcrest\hamcrest-core\1.3\hamcrest-core-1.3.jar;"/>
    <property name="sun.cpu.endian" value="little"/>
    <property name="user.home" value="C:\Users\mauri"/>
    <property name="user.language" value="en"/>
    <property name="java.specification.vendor" value="Oracle Corporation"/>
    <property name="java.version.date" value="2022-03-22"/>
    <property name="java.home" value="C:\Users\mauri\.jdks\openjdk-18"/>
    <property name="file.separator" value="\"/>
    <property name="basedir" value="C:\Users\mauri\source\repos\lab-03-a-Mauricio-Bernuy"/>
    <property name="java.vm.compressedOopsMode" value="Zero based"/>
    <property name="line.separator" value="&#10;"/>
    <property name="java.vm.specification.vendor" value="Oracle Corporation"/>
    <property name="java.specification.name" value="Java Platform API Specification"/>
    <property name="surefire.real.class.path" value="C:\Users\mauri\AppData\Local\Temp\surefire948993711608948797\surefirebooter6371787157257990529.jar"/>
    <property name="user.script" value=""/>
    <property name="sun.management.compiler" value="HotSpot 64-Bit Tiered Compilers"/>
    <property name="java.runtime.version" value="18+36-2087"/>
    <property name="user.name" value="mauri"/>
    <property name="path.separator" value=";"/>
    <property name="os.version" value="10.0"/>
    <property name="java.runtime.name" value="OpenJDK Runtime Environment"/>
    <property name="file.encoding" value="UTF-8"/>
    <property name="java.vm.name" value="OpenJDK 64-Bit Server VM"/>
    <property name="localRepository" value="C:\Users\mauri\.m2\repository"/>
    <property name="java.vendor.url.bug" value="https://bugreport.java.com/bugreport/"/>
    <property name="java.io.tmpdir" value="C:\Users\mauri\AppData\Local\Temp\"/>
    <property name="java.version" value="18"/>
    <property name="user.dir" value="C:\Users\mauri\source\repos\lab-03-a-Mauricio-Bernuy"/>
    <property name="os.arch" value="amd64"/>
    <property name="java.vm.specification.name" value="Java Virtual Machine Specification"/>
    <property name="sun.os.patch.level" value=""/>
    <property name="native.encoding" value="Cp1252"/>
    <property name="sonar.projectKey" value="cs2901-2022-1-Ingenieria-de-Software_lab-03-a-Mauricio-Bernuy"/>
    <property name="java.library.path" value="C:\Users\mauri\.jdks\openjdk-18\bin;C:\WINDOWS\Sun\Java\bin;C:\WINDOWS\system32;C:\WINDOWS;C:\Program Files (x86)\VMware\VMware Workstation\bin\;C:\Users\mauri\AppData\Local\Programs\Python\Python39\Scripts\;C:\Users\mauri\AppData\Local\Programs\Python\Python39\;C:\Program Files (x86)\Common Files\Oracle\Java\javapath;C:\Program Files (x86)\Common Files\Intel\Shared Libraries\redist\intel64\compiler;C:\WINDOWS\system32;C:\WINDOWS;C:\WINDOWS\System32\Wbem;C:\WINDOWS\System32\WindowsPowerShell\v1.0\;C:\WINDOWS\System32\OpenSSH\;C:\Program Files\Git\cmd;C:\Program Files\AMD\AMDuProf\bin;C:\Program Files (x86)\NoteBook FanControl\;C:\Program Files\nodejs\;C:\ProgramData\chocolatey\bin;;C:\Program Files\Docker\Docker\resources\bin;C:\ProgramData\DockerDesktop\version-bin;C:\Program Files\CMake\bin;C:\Program Files (x86)\ADB and Fastboot++;C:\Program Files\dotnet\;C:\Users\mauri\AppData\Local\Microsoft\WindowsApps;C:\Users\mauri\AppData\Local\Programs\Microsoft VS Code\bin;C:\Users\mauri\AppData\Local\GitHubDesktop\bin;C:\Users\mauri\AppData\Local\Microsoft\WindowsApps;C:\Modeltech_pe_edu_10.4a\win32pe_edu;C:\Program Files\PostgreSQL\12\bin;C:\Program Files\gnuplot\bin;C:\msys64\mingw64\bin;C:\Users\mauri\AppData\Roaming\npm;C:\Program Files\nodejs;C:\Users\mauri\.local\bin;C:\ffmpeg\bin;C:\Program Files\boost\boost_1_77_0;C:\Program Files\JetBrains\IntelliJ IDEA Community Edition 2021.3.3\plugins\maven\lib\maven3\bin;;."/>
    <property name="java.vm.info" value="mixed mode, sharing"/>
    <property name="java.vendor" value="Oracle Corporation"/>
    <property name="java.vm.version" value="18+36-2087"/>
    <property name="sun.io.unicode.encoding" value="UnicodeLittle"/>
    <property name="java.class.version" value="62.0"/>
  </properties>
  <testcase name="test_AdditionalAdditionalOrdersFromPeru" classname="lab.ManageDemandTest" time="0.053"/>
  <testcase name="test_AdditionalAllOrdersFromArgentina" classname="lab.ManageDemandTest" time="0.001"/>
  <testcase name="test_AdditionalAllOrdersFromBrazil" classname="lab.ManageDemandTest" time="0.001"/>
  <testcase name="test_AdditionalAllOrdersFromColombia" classname="lab.ManageDemandTest" time="0.001"/>
  <testcase name="test_AllOrdersFromArgentina" classname="lab.ManageDemandTest" time="0.002"/>
  <testcase name="test_AllOrdersFromBrazil" classname="lab.ManageDemandTest" time="0.001"/>
  <testcase name="test_AllOrdersFromColombia" classname="lab.ManageDemandTest" time="0.002"/>
  <testcase name="test_AllOrdersFromPeru" classname="lab.ManageDemandTest" time="0.001"/>
  <testcase name="addtax_calc_tests_1" classname="lab.TaxTest" time="0.001"/>
  <testcase name="addtax_calc_tests_2" classname="lab.TaxTest" time="0.003"/>
  <testcase name="addtax_tests_1" classname="lab.TaxTest" time="0.004"/>
  <testcase name="addtax_tests_2" classname="lab.TaxTest" time="0.008"/>
  <testcase name="addtax_tests_3" classname="lab.TaxTest" time="0.001"/>
  <testcase name="tax_calc_tests_1" classname="lab.TaxTest" time="0.003"/>
  <testcase name="tax_tests_1" classname="lab.TaxTest" time="0.001"/>
  <testcase name="tax_tests_2" classname="lab.TaxTest" time="0.002"/>
  <testcase name="tax_tests_3" classname="lab.TaxTest" time="0.002"/>
</testsuite>