<?xml version="1.0" encoding="UTF-8"?>
<!-- Generated by org.testng.reporters.JUnitReportReporter -->
<testsuite hostname="DESKTOP-S5GT6SH" failures="0" tests="8" name="lab.ManageDemandTest" time="0.014" errors="0" timestamp="2022-04-02T02:23:30 PET" skipped="0">
  <testcase classname="lab.ManageDemandTest" name="test_AdditionalAllOrdersFromBrazil" time="0.000"/>
  <system-out/>
  <testcase classname="lab.ManageDemandTest" name="test_AllOrdersFromPeru" time="0.001"/>
  <system-out/>
  <testcase classname="lab.ManageDemandTest" name="test_AdditionalAdditionalOrdersFromPeru" time="0.009"/>
  <system-out/>
  <testcase classname="lab.ManageDemandTest" name="test_AllOrdersFromBrazil" time="0.001"/>
  <system-out/>
  <testcase classname="lab.ManageDemandTest" name="test_AllOrdersFromArgentina" time="0.001"/>
  <system-out/>
  <testcase classname="lab.ManageDemandTest" name="test_AdditionalAllOrdersFromArgentina" time="0.001"/>
  <system-out/>
  <testcase classname="lab.ManageDemandTest" name="test_AdditionalAllOrdersFromColombia" time="0.001"/>
  <system-out/>
  <testcase classname="lab.ManageDemandTest" name="test_AllOrdersFromColombia" time="0.000"/>
  <system-out/>
</testsuite> <!-- lab.ManageDemandTest -->
