<?xml version="1.0" encoding="UTF-8"?>
<!-- Generated by org.testng.reporters.JUnitReportReporter -->
<testsuite hostname="DESKTOP-S5GT6SH" failures="0" tests="9" name="lab.TaxTest" time="0.013" errors="0" timestamp="2022-04-01T21:54:13 PET" skipped="0">
  <testcase classname="lab.TaxTest" name="addtax_tests_1" time="0.003"/>
  <system-out/>
  <testcase classname="lab.TaxTest" name="tax_calc_tests_1" time="0.001"/>
  <system-out/>
  <testcase classname="lab.TaxTest" name="addtax_tests_2" time="0.002"/>
  <system-out/>
  <testcase classname="lab.TaxTest" name="addtax_tests_3" time="0.001"/>
  <system-out/>
  <testcase classname="lab.TaxTest" name="addtax_calc_tests_1" time="0.001"/>
  <system-out/>
  <testcase classname="lab.TaxTest" name="addtax_calc_tests_2" time="0.002"/>
  <system-out/>
  <testcase classname="lab.TaxTest" name="tax_tests_3" time="0.001"/>
  <system-out/>
  <testcase classname="lab.TaxTest" name="tax_tests_2" time="0.000"/>
  <system-out/>
  <testcase classname="lab.TaxTest" name="tax_tests_1" time="0.002"/>
  <system-out/>
</testsuite> <!-- lab.TaxTest -->
